Run python setup.py build_ext -q
/opt/hostedtoolcache/Python/3.13.12/x64/lib/python3.13/site-packages/setuptools/_distutils/dist.py:287: UserWarning: Unknown distribution option: 'tests_require'
  warnings.warn(msg)
/opt/hostedtoolcache/Python/3.13.12/x64/lib/python3.13/site-packages/setuptools/dist.py:765: SetuptoolsDeprecationWarning: License classifiers are deprecated.
!!
        ********************************************************************************
        Please consider removing the following classifiers in favor of a SPDX license expression:
        License :: OSI Approved :: Apache License 2.0.
        See https://packaging.python.org/en/latest/guides/writing-pyproject-toml/#license for details.
        ********************************************************************************
!!
  self._finalize_license_expression()
--------------------------------------------------------------------------------
-- Trying 'Ninja' generator
--------------------------------
---------------------------
----------------------
-----------------
------------
-------
--
Not searching for unused variables given on the command line.
-- The C compiler identification is GNU 13.3.0
-- Detecting C compiler ABI info
-- Detecting C compiler ABI info - done
-- Check for working C compiler: /usr/bin/cc - skipped
-- Detecting C compile features
-- Detecting C compile features - done
-- The CXX compiler identification is GNU 13.3.0
-- Detecting CXX compiler ABI info
-- Detecting CXX compiler ABI info - done
-- Check for working CXX compiler: /usr/bin/c++ - skipped
-- Detecting CXX compile features
-- Detecting CXX compile features - done
-- Configuring done (3.5s)
-- Generating done (0.0s)
-- Build files have been written to: /home/runner/work/piquassoboost/piquassoboost/_cmake_test_compile/build
--
-------
------------
-----------------
----------------------
---------------------------
--------------------------------
-- Trying 'Ninja' generator - success
--------------------------------------------------------------------------------
Configuring Project
  Working directory:
    /home/runner/work/piquassoboost/piquassoboost/_skbuild/linux-x86_64-3.13/cmake-build
  Command:
    /usr/local/bin/cmake /home/runner/work/piquassoboost/piquassoboost -G Ninja --no-warn-unused-cli -DCMAKE_INSTALL_PREFIX:PATH=/home/runner/work/piquassoboost/piquassoboost/_skbuild/linux-x86_64-3.13/cmake-install -DPYTHON_VERSION_STRING:STRING=3.13.12 -DSKBUILD:INTERNAL=TRUE -DCMAKE_MODULE_PATH:PATH=/opt/hostedtoolcache/Python/3.13.12/x64/lib/python3.13/site-packages/skbuild/resources/cmake -DPYTHON_EXECUTABLE:PATH=/opt/hostedtoolcache/Python/3.13.12/x64/bin/python -DPYTHON_INCLUDE_DIR:PATH=/opt/hostedtoolcache/Python/3.13.12/x64/include/python3.13 -DPYTHON_LIBRARY:PATH=/opt/hostedtoolcache/Python/3.13.12/x64/lib/libpython3.13.so -DPython_EXECUTABLE:PATH=/opt/hostedtoolcache/Python/3.13.12/x64/bin/python -DPython_ROOT_DIR:PATH=/opt/hostedtoolcache/Python/3.13.12/x64 -DPython_FIND_REGISTRY:STRING=NEVER -DPython_INCLUDE_DIR:PATH=/opt/hostedtoolcache/Python/3.13.12/x64/include/python3.13 -DPython_NumPy_INCLUDE_DIRS:PATH=/opt/hostedtoolcache/Python/3.13.12/x64/lib/python3.13/site-packages/numpy/_core/include -
CMake Warning (dev) at CMakeLists.txt:108:
Not searching for unused variables given on the command line.
  Syntax Warning in cmake code at column 32
  Argument not separated from preceding token by whitespace.
This warning is for project developers.  Use -Wno-dev to suppress it.
-- The C compiler identification is GNU 13.3.0
-- The CXX compiler identification is GNU 13.3.0
-- Detecting C compiler ABI info
-- Detecting C compiler ABI info - done
-- Check for working C compiler: /usr/bin/cc - skipped
-- Detecting C compile features
-- Detecting C compile features - done
-- Detecting CXX compiler ABI info
-- Detecting CXX compiler ABI info - done
-- Check for working CXX compiler: /usr/bin/c++ - skipped
-- Detecting CXX compile features
-- Detecting CXX compile features - done
-- In FindBLASEXT
-- If you want to force the use of one specific library, 
   please specify the BLAS vendor by setting -DBLA_VENDOR=blas_vendor_name
   at cmake configure.
-- List of possible BLAS vendor: Goto, ATLAS PhiPACK, CXML, 
   DXML, SunPerf, SCSL, SGIMATH, IBMESSL, IBMESSLMT, Intel10_32 (intel mkl v10 32 bit),
   Intel10_64lp (intel mkl v10 64 bit, lp thread model, lp64 model),
   Intel10_64lp_seq (intel mkl v10 64 bit, sequential code, lp64 model),
   Intel( older versions of mkl 32 and 64 bit),
   ACML, ACML_MP, ACML_GPU, Apple, NAS, Generic
-- Looking for sgemm_
-- Looking for sgemm_ - not found
-- Performing Test CMAKE_HAVE_LIBC_PTHREAD
-- Performing Test CMAKE_HAVE_LIBC_PTHREAD - Success
-- Found Threads: TRUE
-- Looking for sgemm_
-- Looking for sgemm_ - found
-- Found BLAS: /usr/lib/x86_64-linux-gnu/libopenblas.so
-- BLAS sequential libraries stored in BLAS_SEQ_LIBRARIES
-- Found BLAS: /usr/lib/x86_64-linux-gnu/libopenblas.so
-- A cache variable, namely CBLAS_DIR, has been set to specify the install directory of CBLAS
-- Looking for cblas_dscal
-- Looking for cblas_dscal - found
-- Looking for cblas_zgemm3m
-- Looking for cblas_zgemm3m - found
-- Looking for cblas: test with blas succeeds
-- Performing Test CBLAS_CONJ_NO_TRANS_PRESENT
-- Performing Test CBLAS_CONJ_NO_TRANS_PRESENT - Success
-- Found CBLAS: /usr/lib/x86_64-linux-gnu/libopenblas.so
-- Found Python3: /opt/hostedtoolcache/Python/3.13.12/x64/bin/python (found version "3.13.12") found components: Interpreter Development NumPy Development.Module Development.Embed
CMake Warning (dev) at CMakeLists.txt:98 (exec_program):
  Policy CMP0153 is not set: The exec_program command should not be called.
  Run "cmake --help-policy CMP0153" for policy details.  Use the cmake_policy
  command to set the policy and suppress this warning.
  Use execute_process() instead.
This warning is for project developers.  Use -Wno-dev to suppress it.
PYTHONPATH is set to /opt/hostedtoolcache/Python/3.13.12/x64/lib/python3.13/site-packages
CMake Warning (dev) at CMakeLists.txt:111 (exec_program):
  Policy CMP0153 is not set: The exec_program command should not be called.
  Run "cmake --help-policy CMP0153" for policy details.  Use the cmake_policy
  command to set the policy and suppress this warning.
  Use execute_process() instead.
This warning is for project developers.  Use -Wno-dev to suppress it.
Detected Python version: 3.13
CMake Warning (dev) at CMakeLists.txt:123 (exec_program):
  Policy CMP0153 is not set: The exec_program command should not be called.
  Run "cmake --help-policy CMP0153" for policy details.  Use the cmake_policy
  command to set the policy and suppress this warning.
  Use execute_process() instead.
This warning is for project developers.  Use -Wno-dev to suppress it.
Python syspaths: /opt/hostedtoolcache/Python/3.13.12/x64/lib/python3.13/site-packages/../..
CMake Warning (dev) at CMakeLists.txt:145 (exec_program):
  Policy CMP0153 is not set: The exec_program command should not be called.
  Run "cmake --help-policy CMP0153" for policy details.  Use the cmake_policy
  command to set the policy and suppress this warning.
  Use execute_process() instead.
This warning is for project developers.  Use -Wno-dev to suppress it.
Include paths: /opt/hostedtoolcache/Python/3.13.12/x64/lib/python3.13/site-packages/../../../include
-- BLAS_DIR: /usr/lib
CMake Warning (dev) at /opt/hostedtoolcache/Python/3.13.12/x64/lib/python3.13/site-packages/skbuild/resources/cmake/FindPythonExtensions.cmake:245 (find_package):
  Policy CMP0148 is not set: The FindPythonInterp and FindPythonLibs modules
  are removed.  Run "cmake --help-policy CMP0148" for policy details.  Use
  the cmake_policy command to set the policy and suppress this warning.
Call Stack (most recent call first):
  CMakeLists.txt:203 (find_package)
This warning is for project developers.  Use -Wno-dev to suppress it.
-- Found PythonInterp: /opt/hostedtoolcache/Python/3.13.12/x64/bin/python (found version "3.13.12")
CMake Warning (dev) at /opt/hostedtoolcache/Python/3.13.12/x64/lib/python3.13/site-packages/skbuild/resources/cmake/FindPythonExtensions.cmake:252 (find_package):
  Policy CMP0148 is not set: The FindPythonInterp and FindPythonLibs modules
  are removed.  Run "cmake --help-policy CMP0148" for policy details.  Use
  the cmake_policy command to set the policy and suppress this warning.
Call Stack (most recent call first):
  CMakeLists.txt:203 (find_package)
This warning is for project developers.  Use -Wno-dev to suppress it.
-- Found PythonLibs: /opt/hostedtoolcache/Python/3.13.12/x64/lib/libpython3.13.so (found version "3.13.12")
-- Found BLAS: /usr/lib/x86_64-linux-gnu/libopenblas.so
-- Looking for cheev_
-- Looking for cheev_ - found
-- Found LAPACK: /usr/lib/x86_64-linux-gnu/libopenblas.so;-lm;-ldl
-- Looking for MKL_Set_Num_Threads
-- Looking for MKL_Set_Num_Threads - not found
-- Looking for openblas_set_num_threads
-- Looking for openblas_set_num_threads - found
-- BLAS_IS_MKL: 
-- BLAS_IS_OPENBLAS: 1
-- Looking for LAPACKE_zgetri
-- Looking for LAPACKE_zgetri - not found
-- OpenBLAS is enabled
-- Performing Test HAVE_AVX_EXTENSIONS
-- Performing Test HAVE_AVX_EXTENSIONS - Success
-- Performing Test HAVE_AVX2_EXTENSIONS
-- Performing Test HAVE_AVX2_EXTENSIONS - Success
-- Found OpenMP_C: -fopenmp (found version "4.5")
-- Found OpenMP_CXX: -fopenmp (found version "4.5")
-- Found OpenMP: TRUE (found version "4.5")
-- Using GNU compiler
-- Using TBB_LIB_DIR from environment: /usr/lib/x86_64-linux-gnu
-- Found TBB library: /usr/lib/x86_64-linux-gnu/libtbb.so
-- Found TBBMALLOC library: /usr/lib/x86_64-linux-gnu/libtbbmalloc.so
-- Found TBBMALLOC_PROXY library: /usr/lib/x86_64-linux-gnu/libtbbmalloc_proxy.so
-- TBB_INC_DIR from environment: /usr/include
-- Found TBB header at: /usr/include/tbb/tbb.h
-- Performing Test Weak Link MODULE -> SHARED (gnu_ld_ignore) - Success
_modinit_prefix:PyInit_
_modinit_prefix:PyInit_
_modinit_prefix:PyInit_
_modinit_prefix:PyInit_
_modinit_prefix:PyInit_
_modinit_prefix:PyInit_
_modinit_prefix:PyInit_
_modinit_prefix:PyInit_
_modinit_prefix:PyInit_
_modinit_prefix:PyInit_
_modinit_prefix:PyInit_
CMake Warning (dev) at CMakeLists.txt:900 (install):
  Target piquassoboost has PUBLIC_HEADER files but no PUBLIC_HEADER
  DESTINATION.
This warning is for project developers.  Use -Wno-dev to suppress it.
-- Configuring done (4.2s)
-- Generating done (0.0s)
-- Build files have been written to: /home/runner/work/piquassoboost/piquassoboost/_skbuild/linux-x86_64-3.13/cmake-build
[1/83] Building CXX object CMakeFiles/piquassoboost.dir/piquassoboost/common/source/PicTypes.cpp.o
[2/83] Building CXX object CMakeFiles/piquassoboost.dir/piquassoboost/common/source/PicState.cpp.o
[3/83] Building CXX object CMakeFiles/piquassoboost.dir/piquassoboost/common/source/matrix32.cpp.o
/home/runner/work/piquassoboost/piquassoboost/piquassoboost/common/source/matrix32.cpp: In member function ‘pic::matrix32 pic::matrix32::copy()’:
/home/runner/work/piquassoboost/piquassoboost/piquassoboost/common/source/matrix32.cpp:109:9: warning: ‘void* memcpy(void*, const void*, size_t)’ writing to an object of type ‘class pic::Complex_base<long double>’ with no trivial copy-assignment; use copy-assignment or copy-initialization instead [-Wclass-memaccess]
  109 |   memcpy( ret.data, data, rows*cols*sizeof(Complex32));
      |   ~~~~~~^~~~~~~~~~~~~~~~~~~~~~~~~~~~~~~~~~~~~~~~~~~~~~
In file included from /home/runner/work/piquassoboost/piquassoboost/piquassoboost/common/source/PicTypes.hpp:20,
                 from /home/runner/work/piquassoboost/piquassoboost/piquassoboost/common/source/matrix_base.hpp:20,
                 from /home/runner/work/piquassoboost/piquassoboost/piquassoboost/common/source/matrix32.h:20,
                 from /home/runner/work/piquassoboost/piquassoboost/piquassoboost/common/source/matrix32.cpp:17:
/home/runner/work/piquassoboost/piquassoboost/piquassoboost/common/source/PicComplex.hpp:35:7: note: ‘class pic::Complex_base<long double>’ declared here
   35 | class Complex_base : public std::complex<scalar> {
      |       ^~~~~~~~~~~~
[4/83] Building CXX object CMakeFiles/piquassoboost.dir/piquassoboost/common/source/matrix.cpp.o
[5/83] Building CXX object CMakeFiles/piquassoboost.dir/piquassoboost/common/source/dependency_graph.cpp.o
[6/83] Building CXX object CMakeFiles/piquassoboost.dir/piquassoboost/common/source/n_aryGrayCodeCounter.cpp.o
[7/83] Building CXX object CMakeFiles/piquassoboost.dir/piquassoboost/common/source/common_functionalities.cpp.o
[8/83] Building CXX object CMakeFiles/piquassoboost.dir/piquassoboost/common/source/dot.cpp.o
[9/83] Building CXX object CMakeFiles/piquassoboost.dir/piquassoboost/gaussian/source/tasks_apply_to_C_and_G/extract_rows.cpp.o
/home/runner/work/piquassoboost/piquassoboost/piquassoboost/gaussian/source/tasks_apply_to_C_and_G/extract_rows.cpp: In member function ‘const tbb::detail::d1::continue_msg& pic::Extract_Rows::operator()(const tbb::detail::d1::continue_msg&)’:
/home/runner/work/piquassoboost/piquassoboost/piquassoboost/gaussian/source/tasks_apply_to_C_and_G/extract_rows.cpp:69:15: warning: ‘void* memcpy(void*, const void*, size_t)’ writing to an object of type ‘using pic::Complex16 = class pic::Complex_base<double>’ {aka ‘class pic::Complex_base<double>’} with no trivial copy-assignment; use copy-assignment or copy-initialization instead [-Wclass-memaccess]
   69 |         memcpy( rows_data+rows_offset, mtx_data+mtx_offset, (mtx.cols)*sizeof(Complex16));
      |         ~~~~~~^~~~~~~~~~~~~~~~~~~~~~~~~~~~~~~~~~~~~~~~~~~~~~~~~~~~~~~~~~~~~~~~~~~~~~~~~~~
In file included from /home/runner/work/piquassoboost/piquassoboost/./piquassoboost/common/source/PicTypes.hpp:20,
                 from /home/runner/work/piquassoboost/piquassoboost/./piquassoboost/common/source/matrix_base.hpp:20,
                 from /home/runner/work/piquassoboost/piquassoboost/./piquassoboost/common/source/matrix.h:20,
                 from /home/runner/work/piquassoboost/piquassoboost/piquassoboost/gaussian/source/tasks_apply_to_C_and_G/extract_rows.h:20,
                 from /home/runner/work/piquassoboost/piquassoboost/piquassoboost/gaussian/source/tasks_apply_to_C_and_G/extract_rows.cpp:19:
/home/runner/work/piquassoboost/piquassoboost/./piquassoboost/common/source/PicComplex.hpp:35:7: note: ‘using pic::Complex16 = class pic::Complex_base<double>’ {aka ‘class pic::Complex_base<double>’} declared here
   35 | class Complex_base : public std::complex<scalar> {
      |       ^~~~~~~~~~~~
[10/83] Building CXX object CMakeFiles/piquassoboost.dir/piquassoboost/gaussian/source/GaussianState_Cov.cpp.o
/home/runner/work/piquassoboost/piquassoboost/piquassoboost/gaussian/source/GaussianState_Cov.cpp: In member function ‘pic::GaussianState_Cov pic::GaussianState_Cov::getReducedGaussianState(pic::PicState_int64&)’:
/home/runner/work/piquassoboost/piquassoboost/piquassoboost/gaussian/source/GaussianState_Cov.cpp:149:19: warning: ‘void* memcpy(void*, const void*, size_t)’ writing to an object of type ‘using pic::Complex16 = class pic::Complex_base<double>’ {aka ‘class pic::Complex_base<double>’} with no trivial copy-assignment; use copy-assignment or copy-initialization instead [-Wclass-memaccess]
  149 |             memcpy(covariance_matrix_reduced_data + cov_reduced_offset, covariance_matrix_data + cov_offset , col_range*sizeof(Complex16));
      |             ~~~~~~^~~~~~~~~~~~~~~~~~~~~~~~~~~~~~~~~~~~~~~~~~~~~~~~~~~~~~~~~~~~~~~~~~~~~~~~~~~~~~~~~~~~~~~~~~~~~~~~~~~~~~~~~~~~~~~~~~~~~~~~
In file included from /home/runner/work/piquassoboost/piquassoboost/./piquassoboost/common/source/PicTypes.hpp:20,
                 from /home/runner/work/piquassoboost/piquassoboost/./piquassoboost/common/source/matrix_base.hpp:20,
                 from /home/runner/work/piquassoboost/piquassoboost/./piquassoboost/common/source/matrix.h:20,
                 from /home/runner/work/piquassoboost/piquassoboost/piquassoboost/gaussian/source/GaussianState_Cov.h:20,
                 from /home/runner/work/piquassoboost/piquassoboost/piquassoboost/gaussian/source/GaussianState_Cov.cpp:18:
/home/runner/work/piquassoboost/piquassoboost/./piquassoboost/common/source/PicComplex.hpp:35:7: note: ‘using pic::Complex16 = class pic::Complex_base<double>’ {aka ‘class pic::Complex_base<double>’} declared here
   35 | class Complex_base : public std::complex<scalar> {
      |       ^~~~~~~~~~~~
/home/runner/work/piquassoboost/piquassoboost/piquassoboost/gaussian/source/GaussianState_Cov.cpp:154:19: warning: ‘void* memcpy(void*, const void*, size_t)’ writing to an object of type ‘using pic::Complex16 = class pic::Complex_base<double>’ {aka ‘class pic::Complex_base<double>’} with no trivial copy-assignment; use copy-assignment or copy-initialization instead [-Wclass-memaccess]
  154 |             memcpy(covariance_matrix_reduced_data + cov_reduced_offset, covariance_matrix_data + cov_offset , col_range*sizeof(Complex16));
      |             ~~~~~~^~~~~~~~~~~~~~~~~~~~~~~~~~~~~~~~~~~~~~~~~~~~~~~~~~~~~~~~~~~~~~~~~~~~~~~~~~~~~~~~~~~~~~~~~~~~~~~~~~~~~~~~~~~~~~~~~~~~~~~~
/home/runner/work/piquassoboost/piquassoboost/./piquassoboost/common/source/PicComplex.hpp:35:7: note: ‘using pic::Complex16 = class pic::Complex_base<double>’ {aka ‘class pic::Complex_base<double>’} declared here
   35 | class Complex_base : public std::complex<scalar> {
      |       ^~~~~~~~~~~~
/home/runner/work/piquassoboost/piquassoboost/piquassoboost/gaussian/source/GaussianState_Cov.cpp:165:19: warning: ‘void* memcpy(void*, const void*, size_t)’ writing to an object of type ‘using pic::Complex16 = class pic::Complex_base<double>’ {aka ‘class pic::Complex_base<double>’} with no trivial copy-assignment; use copy-assignment or copy-initialization instead [-Wclass-memaccess]
  165 |             memcpy(covariance_matrix_reduced_data + cov_reduced_offset, covariance_matrix_data + cov_offset , col_range*sizeof(Complex16));
      |             ~~~~~~^~~~~~~~~~~~~~~~~~~~~~~~~~~~~~~~~~~~~~~~~~~~~~~~~~~~~~~~~~~~~~~~~~~~~~~~~~~~~~~~~~~~~~~~~~~~~~~~~~~~~~~~~~~~~~~~~~~~~~~~
/home/runner/work/piquassoboost/piquassoboost/./piquassoboost/common/source/PicComplex.hpp:35:7: note: ‘using pic::Complex16 = class pic::Complex_base<double>’ {aka ‘class pic::Complex_base<double>’} declared here
   35 | class Complex_base : public std::complex<scalar> {
      |       ^~~~~~~~~~~~
/home/runner/work/piquassoboost/piquassoboost/piquassoboost/gaussian/source/GaussianState_Cov.cpp:170:19: warning: ‘void* memcpy(void*, const void*, size_t)’ writing to an object of type ‘using pic::Complex16 = class pic::Complex_base<double>’ {aka ‘class pic::Complex_base<double>’} with no trivial copy-assignment; use copy-assignment or copy-initialization instead [-Wclass-memaccess]
  170 |             memcpy(covariance_matrix_reduced_data + cov_reduced_offset, covariance_matrix_data + cov_offset , col_range*sizeof(Complex16));
      |             ~~~~~~^~~~~~~~~~~~~~~~~~~~~~~~~~~~~~~~~~~~~~~~~~~~~~~~~~~~~~~~~~~~~~~~~~~~~~~~~~~~~~~~~~~~~~~~~~~~~~~~~~~~~~~~~~~~~~~~~~~~~~~~
/home/runner/work/piquassoboost/piquassoboost/./piquassoboost/common/source/PicComplex.hpp:35:7: note: ‘using pic::Complex16 = class pic::Complex_base<double>’ {aka ‘class pic::Complex_base<double>’} declared here
   35 | class Complex_base : public std::complex<scalar> {
      |       ^~~~~~~~~~~~
/home/runner/work/piquassoboost/piquassoboost/piquassoboost/gaussian/source/GaussianState_Cov.cpp:175:19: warning: ‘void* memcpy(void*, const void*, size_t)’ writing to an object of type ‘using pic::Complex16 = class pic::Complex_base<double>’ {aka ‘class pic::Complex_base<double>’} with no trivial copy-assignment; use copy-assignment or copy-initialization instead [-Wclass-memaccess]
  175 |             memcpy(m_reduced_data + mode_idx, m_data + col_idx, col_range*sizeof(Complex16)); // q quadratires
      |             ~~~~~~^~~~~~~~~~~~~~~~~~~~~~~~~~~~~~~~~~~~~~~~~~~~~~~~~~~~~~~~~~~~~~~~~~~~~~~~~~
/home/runner/work/piquassoboost/piquassoboost/./piquassoboost/common/source/PicComplex.hpp:35:7: note: ‘using pic::Complex16 = class pic::Complex_base<double>’ {aka ‘class pic::Complex_base<double>’} declared here
   35 | class Complex_base : public std::complex<scalar> {
      |       ^~~~~~~~~~~~
/home/runner/work/piquassoboost/piquassoboost/piquassoboost/gaussian/source/GaussianState_Cov.cpp:176:19: warning: ‘void* memcpy(void*, const void*, size_t)’ writing to an object of type ‘using pic::Complex16 = class pic::Complex_base<double>’ {aka ‘class pic::Complex_base<double>’} with no trivial copy-assignment; use copy-assignment or copy-initialization instead [-Wclass-memaccess]
  176 |             memcpy(m_reduced_data + mode_idx + number_of_modes, m_data + col_idx + total_number_of_modes, col_range*sizeof(Complex16)); // p quadratures
      |             ~~~~~~^~~~~~~~~~~~~~~~~~~~~~~~~~~~~~~~~~~~~~~~~~~~~~~~~~~~~~~~~~~~~~~~~~~~~~~~~~~~~~~~~~~~~~~~~~~~~~~~~~~~~~~~~~~~~~~~~~~~
/home/runner/work/piquassoboost/piquassoboost/./piquassoboost/common/source/PicComplex.hpp:35:7: note: ‘using pic::Complex16 = class pic::Complex_base<double>’ {aka ‘class pic::Complex_base<double>’} declared here
   35 | class Complex_base : public std::complex<scalar> {
      |       ^~~~~~~~~~~~
[11/83] Building CXX object CMakeFiles/piquassoboost.dir/piquassoboost/gaussian/source/tasks_apply_to_C_and_G/extract_corner.cpp.o
/home/runner/work/piquassoboost/piquassoboost/piquassoboost/gaussian/source/tasks_apply_to_C_and_G/extract_corner.cpp: In lambda function:
/home/runner/work/piquassoboost/piquassoboost/piquassoboost/gaussian/source/tasks_apply_to_C_and_G/extract_corner.cpp:103:19: warning: ‘void* memcpy(void*, const void*, size_t)’ writing to an object of type ‘using pic::Complex16 = class pic::Complex_base<double>’ {aka ‘class pic::Complex_base<double>’} with no trivial copy-assignment; use copy-assignment or copy-initialization instead [-Wclass-memaccess]
  103 |             memcpy(cols_data+cols_offset, mtx_data+mtx_offset, col_range*sizeof(Complex16));
      |             ~~~~~~^~~~~~~~~~~~~~~~~~~~~~~~~~~~~~~~~~~~~~~~~~~~~~~~~~~~~~~~~~~~~~~~~~~~~~~~~
In file included from /home/runner/work/piquassoboost/piquassoboost/./piquassoboost/common/source/PicTypes.hpp:20,
                 from /home/runner/work/piquassoboost/piquassoboost/./piquassoboost/common/source/matrix_base.hpp:20,
                 from /home/runner/work/piquassoboost/piquassoboost/./piquassoboost/common/source/matrix.h:20,
                 from /home/runner/work/piquassoboost/piquassoboost/piquassoboost/gaussian/source/tasks_apply_to_C_and_G/extract_corner.h:20,
                 from /home/runner/work/piquassoboost/piquassoboost/piquassoboost/gaussian/source/tasks_apply_to_C_and_G/extract_corner.cpp:19:
/home/runner/work/piquassoboost/piquassoboost/./piquassoboost/common/source/PicComplex.hpp:35:7: note: ‘using pic::Complex16 = class pic::Complex_base<double>’ {aka ‘class pic::Complex_base<double>’} declared here
   35 | class Complex_base : public std::complex<scalar> {
      |       ^~~~~~~~~~~~
[12/83] Building CXX object CMakeFiles/piquassoboost.dir/piquassoboost/gaussian/source/tasks_apply_to_C_and_G/transform_rows.cpp.o
/home/runner/work/piquassoboost/piquassoboost/piquassoboost/gaussian/source/tasks_apply_to_C_and_G/transform_rows.cpp: In member function ‘const tbb::detail::d1::continue_msg& pic::Transform_Rows::operator()(const tbb::detail::d1::continue_msg&)’:
/home/runner/work/piquassoboost/piquassoboost/piquassoboost/gaussian/source/tasks_apply_to_C_and_G/transform_rows.cpp:61:11: warning: ‘void* memcpy(void*, const void*, size_t)’ writing to an object of type ‘using pic::Complex16 = class pic::Complex_base<double>’ {aka ‘class pic::Complex_base<double>’} with no trivial copy-assignment; use copy-assignment or copy-initialization instead [-Wclass-memaccess]
   61 |     memcpy(mtx_data, dot_res.get_data(), mtx.rows*mtx.cols*sizeof(Complex16));
      |     ~~~~~~^~~~~~~~~~~~~~~~~~~~~~~~~~~~~~~~~~~~~~~~~~~~~~~~~~~~~~~~~~~~~~~~~~~
In file included from /home/runner/work/piquassoboost/piquassoboost/./piquassoboost/common/source/PicTypes.hpp:20,
                 from /home/runner/work/piquassoboost/piquassoboost/./piquassoboost/common/source/matrix_base.hpp:20,
                 from /home/runner/work/piquassoboost/piquassoboost/./piquassoboost/common/source/matrix.h:20,
                 from /home/runner/work/piquassoboost/piquassoboost/piquassoboost/gaussian/source/tasks_apply_to_C_and_G/transform_rows.h:20,
                 from /home/runner/work/piquassoboost/piquassoboost/piquassoboost/gaussian/source/tasks_apply_to_C_and_G/transform_rows.cpp:19:
/home/runner/work/piquassoboost/piquassoboost/./piquassoboost/common/source/PicComplex.hpp:35:7: note: ‘using pic::Complex16 = class pic::Complex_base<double>’ {aka ‘class pic::Complex_base<double>’} declared here
   35 | class Complex_base : public std::complex<scalar> {
      |       ^~~~~~~~~~~~
[13/83] Building CXX object CMakeFiles/piquassoboost.dir/piquassoboost/gaussian/source/CalculationHelpers.cpp.o
[14/83] Building CXX object CMakeFiles/piquassoboost.dir/piquassoboost/gaussian/source/tasks_apply_to_C_and_G/insert_transformed_rows.cpp.o
/home/runner/work/piquassoboost/piquassoboost/piquassoboost/gaussian/source/tasks_apply_to_C_and_G/insert_transformed_rows.cpp: In lambda function:
/home/runner/work/piquassoboost/piquassoboost/piquassoboost/gaussian/source/tasks_apply_to_C_and_G/insert_transformed_rows.cpp:138:23: warning: ‘void* memcpy(void*, const void*, size_t)’ writing to an object of type ‘using pic::Complex16 = class pic::Complex_base<double>’ {aka ‘class pic::Complex_base<double>’} with no trivial copy-assignment; use copy-assignment or copy-initialization instead [-Wclass-memaccess]
  138 |                 memcpy(mtx_row+col_idx, row+col_idx, col_range*sizeof(Complex16));
      |                 ~~~~~~^~~~~~~~~~~~~~~~~~~~~~~~~~~~~~~~~~~~~~~~~~~~~~~~~~~~~~~~~~~
In file included from /home/runner/work/piquassoboost/piquassoboost/./piquassoboost/common/source/PicTypes.hpp:20,
                 from /home/runner/work/piquassoboost/piquassoboost/./piquassoboost/common/source/matrix_base.hpp:20,
                 from /home/runner/work/piquassoboost/piquassoboost/./piquassoboost/common/source/matrix.h:20,
                 from /home/runner/work/piquassoboost/piquassoboost/piquassoboost/gaussian/source/tasks_apply_to_C_and_G/insert_transformed_rows.h:20,
                 from /home/runner/work/piquassoboost/piquassoboost/piquassoboost/gaussian/source/tasks_apply_to_C_and_G/insert_transformed_rows.cpp:19:
/home/runner/work/piquassoboost/piquassoboost/./piquassoboost/common/source/PicComplex.hpp:35:7: note: ‘using pic::Complex16 = class pic::Complex_base<double>’ {aka ‘class pic::Complex_base<double>’} declared here
   35 | class Complex_base : public std::complex<scalar> {
      |       ^~~~~~~~~~~~
[15/83] Building CXX object CMakeFiles/piquassoboost.dir/piquassoboost/gaussian/source/tasks_apply_to_C_and_G/transform_cols.cpp.o
/home/runner/work/piquassoboost/piquassoboost/piquassoboost/gaussian/source/tasks_apply_to_C_and_G/transform_cols.cpp: In member function ‘const tbb::detail::d1::continue_msg& pic::Transform_Cols::operator()(const tbb::detail::d1::continue_msg&)’:
/home/runner/work/piquassoboost/piquassoboost/piquassoboost/gaussian/source/tasks_apply_to_C_and_G/transform_cols.cpp:60:11: warning: ‘void* memcpy(void*, const void*, size_t)’ writing to an object of type ‘using pic::Complex16 = class pic::Complex_base<double>’ {aka ‘class pic::Complex_base<double>’} with no trivial copy-assignment; use copy-assignment or copy-initialization instead [-Wclass-memaccess]
   60 |     memcpy(mtx_data, dot_res.get_data(), mtx.rows*mtx.cols*sizeof(Complex16));
      |     ~~~~~~^~~~~~~~~~~~~~~~~~~~~~~~~~~~~~~~~~~~~~~~~~~~~~~~~~~~~~~~~~~~~~~~~~~
In file included from /home/runner/work/piquassoboost/piquassoboost/./piquassoboost/common/source/PicTypes.hpp:20,
                 from /home/runner/work/piquassoboost/piquassoboost/./piquassoboost/common/source/matrix_base.hpp:20,
                 from /home/runner/work/piquassoboost/piquassoboost/./piquassoboost/common/source/matrix.h:20,
                 from /home/runner/work/piquassoboost/piquassoboost/piquassoboost/gaussian/source/tasks_apply_to_C_and_G/transform_cols.h:20,
                 from /home/runner/work/piquassoboost/piquassoboost/piquassoboost/gaussian/source/tasks_apply_to_C_and_G/transform_cols.cpp:19:
/home/runner/work/piquassoboost/piquassoboost/./piquassoboost/common/source/PicComplex.hpp:35:7: note: ‘using pic::Complex16 = class pic::Complex_base<double>’ {aka ‘class pic::Complex_base<double>’} declared here
   35 | class Complex_base : public std::complex<scalar> {
      |       ^~~~~~~~~~~~
[16/83] Building CXX object CMakeFiles/piquassoboost.dir/piquassoboost/sampling/source/TorontonianUtilities.cpp.o
[17/83] Building CXX object CMakeFiles/piquassoboost.dir/piquassoboost/gaussian/source/tasks_apply_to_C_and_G/insert_transformed_cols.cpp.o
[18/83] Building CXX object CMakeFiles/piquassoboost.dir/piquassoboost/sampling/source/BatchedPermanentCalculator.cpp.o
/home/runner/work/piquassoboost/piquassoboost/piquassoboost/sampling/source/BatchedPermanentCalculator.cpp: In member function ‘pic::matrix pic::BatchednPermanentCalculator::calculate(int)’:
/home/runner/work/piquassoboost/piquassoboost/piquassoboost/sampling/source/BatchedPermanentCalculator.cpp:136:29: warning: comparison of integer expressions of different signedness: ‘int’ and ‘std::vector<pic::PicState_base<long int>*>::size_type’ {aka ‘long unsigned int’} [-Wsign-compare]
  136 |         for ( int idx=0; idx<input_states.size(); idx++) {
      |                          ~~~^~~~~~~~~~~~~~~~~~~~
/home/runner/work/piquassoboost/piquassoboost/piquassoboost/sampling/source/BatchedPermanentCalculator.cpp: In function ‘pic::matrix pic::adaptInterferometerGlynnMultiplied(const matrix&, PicState_int64*, PicState_int64*)’:
/home/runner/work/piquassoboost/piquassoboost/piquassoboost/sampling/source/BatchedPermanentCalculator.cpp:360:9: warning: unused variable ‘row_idx’ [-Wunused-variable]
  360 |     int row_idx = 0;
      |         ^~~~~~~
/home/runner/work/piquassoboost/piquassoboost/piquassoboost/sampling/source/BatchedPermanentCalculator.cpp: In function ‘pic::matrix pic::adaptInterferometer(const matrix&, PicState_int64&, PicState_int64&)’:
/home/runner/work/piquassoboost/piquassoboost/piquassoboost/sampling/source/BatchedPermanentCalculator.cpp:402:23: warning: comparison of integer expressions of different signedness: ‘int’ and ‘size_t’ {aka ‘long unsigned int’} [-Wsign-compare]
  402 |     for (int i = 0; i < input_state.size(); i++){
      |                     ~~^~~~~~~~~~~~~~~~~~~~
/home/runner/work/piquassoboost/piquassoboost/piquassoboost/sampling/source/BatchedPermanentCalculator.cpp:408:23: warning: comparison of integer expressions of different signedness: ‘int’ and ‘size_t’ {aka ‘long unsigned int’} [-Wsign-compare]
  408 |     for (int i = 0; i < output_state.size(); i++){
      |                     ~~^~~~~~~~~~~~~~~~~~~~~
[19/83] Building CXX object CMakeFiles/piquassoboost.dir/piquassoboost/sampling/source/CChinHuhPermanentCalculator.cpp.o
[20/83] Building CXX object CMakeFiles/piquassoboost.dir/piquassoboost/sampling/source/Torontonian.cpp.o
[21/83] Building CXX object CMakeFiles/piquassoboost.dir/piquassoboost/sampling/source/PowerTraceHafnian.cpp.o
[22/83] Building CXX object CMakeFiles/piquassoboost.dir/piquassoboost/sampling/source/TorontonianRecursive.cpp.o
[23/83] Building CXX object CMakeFiles/piquassoboost.dir/piquassoboost/sampling/source/PowerTraceHafnianUtilities.cpp.o
/home/runner/work/piquassoboost/piquassoboost/piquassoboost/sampling/source/PowerTraceHafnianUtilities.cpp: In instantiation of ‘void pic::apply_householder_rows(mtx_select_t<typename complex_selector<T>::cplx_type>&, mtx_select_t<typename complex_selector<T>::cplx_type>&) [with small_scalar_type = double; mtx_select_t<typename complex_selector<T>::cplx_type> = matrix; typename complex_selector<T>::cplx_type = Complex_base<double>]’:
/home/runner/work/piquassoboost/piquassoboost/piquassoboost/sampling/source/PowerTraceHafnianUtilities.cpp:250:48:   required from ‘void pic::transform_matrix_to_hessenberg(mtx_select_t<typename complex_selector<T>::cplx_type>&) [with small_scalar_type = double; mtx_select_t<typename complex_selector<T>::cplx_type> = matrix; typename complex_selector<T>::cplx_type = Complex_base<double>]’
/home/runner/work/piquassoboost/piquassoboost/piquassoboost/sampling/source/PowerTraceHafnianUtilities.cpp:328:58:   required from ‘void pic::CalcPowerTraces(mtx_select_t<typename complex_selector<T>::cplx_type>&, size_t, mtx_select_t<typename complex_selector<scalar_type>::cplx_type>&) [with small_scalar_type = double; scalar_type = double; mtx_select_t<typename complex_selector<T>::cplx_type> = matrix; typename complex_selector<T>::cplx_type = Complex_base<double>; size_t = long unsigned int; mtx_select_t<typename complex_selector<scalar_type>::cplx_type> = matrix; typename complex_selector<scalar_type>::cplx_type = Complex_base<double>]’
/home/runner/work/piquassoboost/piquassoboost/piquassoboost/sampling/source/PowerTraceHafnianUtilities.cpp:398:136:   required from here
/home/runner/work/piquassoboost/piquassoboost/piquassoboost/sampling/source/PowerTraceHafnianUtilities.cpp:183:13: warning: ‘void* memset(void*, int, size_t)’ clearing an object of type ‘class pic::Complex_base<double>’ with no trivial copy-assignment; use assignment or value-initialization instead [-Wclass-memaccess]
  183 |       memset(vH_times_A.get_data(), 0, vH_times_A.size()*sizeof(cplx_select_t<small_scalar_type>) );
      |       ~~~~~~^~~~~~~~~~~~~~~~~~~~~~~~~~~~~~~~~~~~~~~~~~~~~~~~~~~~~~~~~~~~~~~~~~~~~~~~~~~~~~~~~~~~~~~
In file included from /home/runner/work/piquassoboost/piquassoboost/./piquassoboost/common/source/PicTypes.hpp:20,
                 from /home/runner/work/piquassoboost/piquassoboost/./piquassoboost/common/source/matrix_base.hpp:20,
                 from /home/runner/work/piquassoboost/piquassoboost/./piquassoboost/common/source/matrix.h:20,
                 from /home/runner/work/piquassoboost/piquassoboost/piquassoboost/sampling/source/PowerTraceHafnianUtilities.h:28,
                 from /home/runner/work/piquassoboost/piquassoboost/piquassoboost/sampling/source/PowerTraceHafnianUtilities.hpp:26,
                 from /home/runner/work/piquassoboost/piquassoboost/piquassoboost/sampling/source/PowerTraceHafnianUtilities.cpp:17:
/home/runner/work/piquassoboost/piquassoboost/./piquassoboost/common/source/PicComplex.hpp:35:7: note: ‘class pic::Complex_base<double>’ declared here
   35 | class Complex_base : public std::complex<scalar> {
      |       ^~~~~~~~~~~~
[24/83] Building CXX object CMakeFiles/piquassoboost.dir/piquassoboost/sampling/source/PowerTraceHafnianRecursive.cpp.o
/home/runner/work/piquassoboost/piquassoboost/piquassoboost/sampling/source/PowerTraceHafnianRecursive.cpp: In instantiation of ‘pic::mtx_select_t<typename pic::complex_selector<T>::cplx_type> pic::PowerTraceHafnianRecursive_Tasks<small_scalar_type, scalar_type>::CreateAZ(const pic::PicVector<char>&, const pic::PicState_int64&, const size_t&, small_scalar_type&) [with small_scalar_type = double; scalar_type = double; pic::mtx_select_t<typename pic::complex_selector<T>::cplx_type> = pic::matrix; typename pic::complex_selector<T>::cplx_type = pic::Complex_base<double>; pic::PicState_int64 = pic::PicState_base<long int>; size_t = long unsigned int]’:
/home/runner/work/piquassoboost/piquassoboost/piquassoboost/sampling/source/PowerTraceHafnianRecursive.cpp:774:16:   required from here
/home/runner/work/piquassoboost/piquassoboost/piquassoboost/sampling/source/PowerTraceHafnianRecursive.cpp:646:61: warning: comparison of integer expressions of different signedness: ‘size_t’ {aka ‘long unsigned int’} and ‘long int’ [-Wsign-compare]
  646 |         for (size_t filling_factor_row=1; filling_factor_row<=occupancy[selected_modes[mode_idx]]; filling_factor_row++) {
/home/runner/work/piquassoboost/piquassoboost/piquassoboost/sampling/source/PowerTraceHafnianRecursive.cpp: In instantiation of ‘pic::mtx_select_t<typename pic::complex_selector<T>::cplx_type> pic::PowerTraceHafnianRecursive_Tasks<small_scalar_type, scalar_type>::CreateAZ(const pic::PicVector<char>&, const pic::PicState_int64&, const size_t&, small_scalar_type&) [with small_scalar_type = double; scalar_type = long double; pic::mtx_select_t<typename pic::complex_selector<T>::cplx_type> = pic::matrix; typename pic::complex_selector<T>::cplx_type = pic::Complex_base<double>; pic::PicState_int64 = pic::PicState_base<long int>; size_t = long unsigned int]’:
/home/runner/work/piquassoboost/piquassoboost/piquassoboost/sampling/source/PowerTraceHafnianRecursive.cpp:775:16:   required from here
/home/runner/work/piquassoboost/piquassoboost/piquassoboost/sampling/source/PowerTraceHafnianRecursive.cpp:646:61: warning: comparison of integer expressions of different signedness: ‘size_t’ {aka ‘long unsigned int’} and ‘long int’ [-Wsign-compare]
/home/runner/work/piquassoboost/piquassoboost/piquassoboost/sampling/source/PowerTraceHafnianRecursive.cpp: In instantiation of ‘pic::mtx_select_t<typename pic::complex_selector<T>::cplx_type> pic::PowerTraceHafnianRecursive_Tasks<small_scalar_type, scalar_type>::CreateAZ(const pic::PicVector<char>&, const pic::PicState_int64&, const size_t&, small_scalar_type&) [with small_scalar_type = long double; scalar_type = long double; pic::mtx_select_t<typename pic::complex_selector<T>::cplx_type> = pic::matrix32; typename pic::complex_selector<T>::cplx_type = pic::Complex_base<long double>; pic::PicState_int64 = pic::PicState_base<long int>; size_t = long unsigned int]’:
/home/runner/work/piquassoboost/piquassoboost/piquassoboost/sampling/source/PowerTraceHafnianRecursive.cpp:776:16:   required from here
/home/runner/work/piquassoboost/piquassoboost/piquassoboost/sampling/source/PowerTraceHafnianRecursive.cpp:646:61: warning: comparison of integer expressions of different signedness: ‘size_t’ {aka ‘long unsigned int’} and ‘long int’ [-Wsign-compare]
[25/83] Building CXX object CMakeFiles/piquassoboost.dir/piquassoboost/sampling/source/BruteForceLoopHafnian.cpp.o
[26/83] Building CXX object CMakeFiles/piquassoboost.dir/piquassoboost/sampling/source/BruteForceHafnian.cpp.o
/home/runner/work/piquassoboost/piquassoboost/piquassoboost/sampling/source/BruteForceHafnian.cpp: In member function ‘pic::Complex16 pic::BruteForceHafnian::ColPermutationsForGivenRowIndices(const pic::PicVector<short int>&, pic::PicVector<short int>&, size_t&&)’:
/home/runner/work/piquassoboost/piquassoboost/piquassoboost/sampling/source/BruteForceHafnian.cpp:129:25: warning: comparison of integer expressions of different signedness: ‘size_t’ {aka ‘long unsigned int’} and ‘int’ [-Wsign-compare]
  129 |                 if (idx == col_idx) {
      |                     ~~~~^~~~~~~~~~
[27/83] Building CXX object CMakeFiles/piquassoboost.dir/piquassoboost/sampling/source/PowerTraceLoopHafnianRecursive.cpp.o
[28/83] Building CXX object CMakeFiles/piquassoboost.dir/piquassoboost/sampling/source/PowerTraceLoopHafnian.cpp.o
/home/runner/work/piquassoboost/piquassoboost/piquassoboost/sampling/source/PowerTraceLoopHafnian.cpp: In instantiation of ‘pic::PowerTraceLoopHafnian<small_scalar_type, scalar_type>::PowerTraceLoopHafnian(pic::matrix&) [with small_scalar_type = double; scalar_type = double]’:
/home/runner/work/piquassoboost/piquassoboost/piquassoboost/sampling/source/PowerTraceLoopHafnian.cpp:469:16:   required from here
/home/runner/work/piquassoboost/piquassoboost/piquassoboost/sampling/source/PowerTraceLoopHafnian.cpp:66:24: warning: ‘void* memcpy(void*, const void*, size_t)’ writing to an object of type ‘class pic::Complex_base<double>’ with no trivial copy-assignment; use copy-assignment or copy-initialization instead [-Wclass-memaccess]
   66 |             std::memcpy(
      |             ~~~~~~~~~~~^
   67 |                 extended_matrix.get_data() + row_idx * extended_matrix.stride,
      |                 ~~~~~~~~~~~~~~~~~~~~~~~~~~~~~~~~~~~~~~~~~~~~~~~~~~~~~~~~~~~~~~
   68 |                 mtx_in.get_data() + row_idx * mtx_in.stride,
      |                 ~~~~~~~~~~~~~~~~~~~~~~~~~~~~~~~~~~~~~~~~~~~~
   69 |                 sizeof(Complex16) * mtx_in.cols
      |                 ~~~~~~~~~~~~~~~~~~~~~~~~~~~~~~~
   70 |             );
      |             ~           
In file included from /home/runner/work/piquassoboost/piquassoboost/./piquassoboost/common/source/PicTypes.hpp:20,
                 from /home/runner/work/piquassoboost/piquassoboost/./piquassoboost/common/source/matrix_base.hpp:20,
                 from /home/runner/work/piquassoboost/piquassoboost/./piquassoboost/common/source/matrix.h:20,
                 from /home/runner/work/piquassoboost/piquassoboost/piquassoboost/sampling/source/PowerTraceHafnian.h:20,
                 from /home/runner/work/piquassoboost/piquassoboost/piquassoboost/sampling/source/PowerTraceLoopHafnian.h:20,
                 from /home/runner/work/piquassoboost/piquassoboost/piquassoboost/sampling/source/PowerTraceLoopHafnian.cpp:22:
/home/runner/work/piquassoboost/piquassoboost/./piquassoboost/common/source/PicComplex.hpp:35:7: note: ‘class pic::Complex_base<double>’ declared here
   35 | class Complex_base : public std::complex<scalar> {
      |       ^~~~~~~~~~~~
/home/runner/work/piquassoboost/piquassoboost/piquassoboost/sampling/source/PowerTraceLoopHafnian.cpp: In instantiation of ‘pic::PowerTraceLoopHafnian<small_scalar_type, scalar_type>::PowerTraceLoopHafnian(pic::matrix&) [with small_scalar_type = double; scalar_type = long double]’:
/home/runner/work/piquassoboost/piquassoboost/piquassoboost/sampling/source/PowerTraceLoopHafnian.cpp:470:16:   required from here
/home/runner/work/piquassoboost/piquassoboost/piquassoboost/sampling/source/PowerTraceLoopHafnian.cpp:66:24: warning: ‘void* memcpy(void*, const void*, size_t)’ writing to an object of type ‘class pic::Complex_base<double>’ with no trivial copy-assignment; use copy-assignment or copy-initialization instead [-Wclass-memaccess]
   66 |             std::memcpy(
      |             ~~~~~~~~~~~^
   67 |                 extended_matrix.get_data() + row_idx * extended_matrix.stride,
      |                 ~~~~~~~~~~~~~~~~~~~~~~~~~~~~~~~~~~~~~~~~~~~~~~~~~~~~~~~~~~~~~~
   68 |                 mtx_in.get_data() + row_idx * mtx_in.stride,
      |                 ~~~~~~~~~~~~~~~~~~~~~~~~~~~~~~~~~~~~~~~~~~~~
   69 |                 sizeof(Complex16) * mtx_in.cols
      |                 ~~~~~~~~~~~~~~~~~~~~~~~~~~~~~~~
   70 |             );
      |             ~           
/home/runner/work/piquassoboost/piquassoboost/./piquassoboost/common/source/PicComplex.hpp:35:7: note: ‘class pic::Complex_base<double>’ declared here
   35 | class Complex_base : public std::complex<scalar> {
      |       ^~~~~~~~~~~~
/home/runner/work/piquassoboost/piquassoboost/piquassoboost/sampling/source/PowerTraceLoopHafnian.cpp: In instantiation of ‘pic::PowerTraceLoopHafnian<small_scalar_type, scalar_type>::PowerTraceLoopHafnian(pic::matrix&) [with small_scalar_type = long double; scalar_type = long double]’:
/home/runner/work/piquassoboost/piquassoboost/piquassoboost/sampling/source/PowerTraceLoopHafnian.cpp:471:16:   required from here
/home/runner/work/piquassoboost/piquassoboost/piquassoboost/sampling/source/PowerTraceLoopHafnian.cpp:66:24: warning: ‘void* memcpy(void*, const void*, size_t)’ writing to an object of type ‘class pic::Complex_base<double>’ with no trivial copy-assignment; use copy-assignment or copy-initialization instead [-Wclass-memaccess]
   66 |             std::memcpy(
      |             ~~~~~~~~~~~^
   67 |                 extended_matrix.get_data() + row_idx * extended_matrix.stride,
      |                 ~~~~~~~~~~~~~~~~~~~~~~~~~~~~~~~~~~~~~~~~~~~~~~~~~~~~~~~~~~~~~~
   68 |                 mtx_in.get_data() + row_idx * mtx_in.stride,
      |                 ~~~~~~~~~~~~~~~~~~~~~~~~~~~~~~~~~~~~~~~~~~~~
   69 |                 sizeof(Complex16) * mtx_in.cols
      |                 ~~~~~~~~~~~~~~~~~~~~~~~~~~~~~~~
   70 |             );
      |             ~           
/home/runner/work/piquassoboost/piquassoboost/./piquassoboost/common/source/PicComplex.hpp:35:7: note: ‘class pic::Complex_base<double>’ declared here
   35 | class Complex_base : public std::complex<scalar> {
      |       ^~~~~~~~~~~~
[29/83] Building CXX object CMakeFiles/piquassoboost.dir/piquassoboost/sampling/simulation_strategies/source/CGeneralizedCliffordsBSimulationStrategy.cpp.o
FAILED: [code=1] CMakeFiles/piquassoboost.dir/piquassoboost/sampling/simulation_strategies/source/CGeneralizedCliffordsBSimulationStrategy.cpp.o 
/usr/bin/c++ -DCBLAS_HAS_CGEMM3M -DCBLAS_HAS_ZGEMM3M -Dpiquassoboost_EXPORTS -I/home/runner/work/piquassoboost/piquassoboost/. -I/home/runner/work/piquassoboost/piquassoboost/./piquassoboost/common/source -I/home/runner/work/piquassoboost/piquassoboost/./piquassoboost/gaussian/source -I/home/runner/work/piquassoboost/piquassoboost/./piquassoboost/sampling/source -I/home/runner/work/piquassoboost/piquassoboost/./piquassoboost/sampling/simulation_strategies/source -I/home/runner/work/piquassoboost/piquassoboost/./piquassoboost/sampling/source/kernels -O3 -DNDEBUG -std=gnu++20 -fPIC -DBLAS=2 -DCBLAS_CONJ_NO_TRANS_PRESENT=1 -Wall -O3 -m64 -DNDEBUG -fno-builtin-malloc -fno-builtin-calloc -fno-builtin-realloc -fno-builtin-free -fpermissive -ftree-vectorize -mavx2 -DUSE_AVX -D__GLYNN_HAFNIAN__=1 -fopenmp -MD -MT CMakeFiles/piquassoboost.dir/piquassoboost/sampling/simulation_strategies/source/CGeneralizedCliffordsBSimulationStrategy.cpp.o -MF CMakeFiles/piquassoboost.dir/piquassoboost/sampling/simulation_strategies/s
/home/runner/work/piquassoboost/piquassoboost/piquassoboost/sampling/simulation_strategies/source/CGeneralizedCliffordsBSimulationStrategy.cpp: In member function ‘std::vector<pic::PicState_base<long int> > pic::CGeneralizedCliffordsBSimulationStrategy::simulate(pic::PicState_int64&, int)’:
/home/runner/work/piquassoboost/piquassoboost/piquassoboost/sampling/simulation_strategies/source/CGeneralizedCliffordsBSimulationStrategy.cpp:261:1: error: ‘t_CPU’ was not declared in this scope
  261 | t_CPU += (t1cpu-t0cpu).seconds();
      | ^~~~~
[30/83] Building CXX object CMakeFiles/piquassoboost.dir/piquassoboost/sampling/source/BBFGPermanentCalculator.cpp.o
[31/83] Building CXX object CMakeFiles/piquassoboost.dir/piquassoboost/sampling/source/GlynnPermanentCalculatorSimple.cpp.o
In file included from /home/runner/work/piquassoboost/piquassoboost/piquassoboost/sampling/source/GlynnPermanentCalculatorSimple.cpp:19:
/home/runner/work/piquassoboost/piquassoboost/piquassoboost/sampling/source/GlynnPermanentCalculatorSimple.hpp: In instantiation of ‘pic::Complex16 pic::GlynnPermanentCalculatorSimpleTask<matrix_type, precision_type>::calculate(pic::matrix&) [with matrix_type = pic::matrix; precision_type = double; pic::Complex16 = pic::Complex_base<double>]’:
/home/runner/work/piquassoboost/piquassoboost/piquassoboost/sampling/source/GlynnPermanentCalculatorSimple.hpp:52:32:   required from ‘pic::Complex16 pic::GlynnPermanentCalculatorSimple<matrix_type, precision_type>::calculate(pic::matrix&) [with matrix_type = pic::matrix; precision_type = double; pic::Complex16 = pic::Complex_base<double>]’
/home/runner/work/piquassoboost/piquassoboost/piquassoboost/sampling/source/GlynnPermanentCalculatorSimple.cpp:29:16:   required from here
/home/runner/work/piquassoboost/piquassoboost/piquassoboost/sampling/source/GlynnPermanentCalculatorSimple.hpp:150:52: warning: comparison of integer expressions of different signedness: ‘size_t’ {aka ‘long unsigned int’} and ‘int’ [-Wsign-compare]
  150 |             for (size_t deltaIndex = 0; deltaIndex < indexChanged; ++deltaIndex){
      |                                         ~~~~~~~~~~~^~~~~~~~~~~~~~
/home/runner/work/piquassoboost/piquassoboost/piquassoboost/sampling/source/GlynnPermanentCalculatorSimple.hpp: In instantiation of ‘pic::Complex16 pic::GlynnPermanentCalculatorSimpleTask<matrix_type, precision_type>::calculate(pic::matrix&) [with matrix_type = pic::matrix32; precision_type = long double; pic::Complex16 = pic::Complex_base<double>]’:
/home/runner/work/piquassoboost/piquassoboost/piquassoboost/sampling/source/GlynnPermanentCalculatorSimple.hpp:52:32:   required from ‘pic::Complex16 pic::GlynnPermanentCalculatorSimple<matrix_type, precision_type>::calculate(pic::matrix&) [with matrix_type = pic::matrix32; precision_type = long double; pic::Complex16 = pic::Complex_base<double>]’
/home/runner/work/piquassoboost/piquassoboost/piquassoboost/sampling/source/GlynnPermanentCalculatorSimple.cpp:30:16:   required from here
/home/runner/work/piquassoboost/piquassoboost/piquassoboost/sampling/source/GlynnPermanentCalculatorSimple.hpp:150:52: warning: comparison of integer expressions of different signedness: ‘size_t’ {aka ‘long unsigned int’} and ‘int’ [-Wsign-compare]
[32/83] Building CXX object CMakeFiles/piquassoboost.dir/piquassoboost/sampling/source/GlynnPermanentCalculators_implementation.cpp.o
[33/83] Building CXX object CMakeFiles/piquassoboost.dir/piquassoboost/sampling/source/BBFGPermanentCalculatorRepeated.cpp.o
[34/83] Building CXX object CMakeFiles/piquassoboost.dir/piquassoboost/sampling/simulation_strategies/source/CGeneralizedCliffordsSimulationStrategy.cpp.o
ninja: build stopped: subcommand failed.
Traceback (most recent call last):
  File "/opt/hostedtoolcache/Python/3.13.12/x64/lib/python3.13/site-packages/skbuild/setuptools_wrap.py", line 669, in setup
    cmkr.make(make_args, install_target=cmake_install_target, env=env)
    ~~~~~~~~~^^^^^^^^^^^^^^^^^^^^^^^^^^^^^^^^^^^^^^^^^^^^^^^^^^^^^^^^^
  File "/opt/hostedtoolcache/Python/3.13.12/x64/lib/python3.13/site-packages/skbuild/cmaker.py", line 697, in make
    self.make_impl(clargs=clargs, config=config, source_dir=source_dir, install_target=install_target, env=env)
    ~~~~~~~~~~~~~~^^^^^^^^^^^^^^^^^^^^^^^^^^^^^^^^^^^^^^^^^^^^^^^^^^^^^^^^^^^^^^^^^^^^^^^^^^^^^^^^^^^^^^^^^^^^^
  File "/opt/hostedtoolcache/Python/3.13.12/x64/lib/python3.13/site-packages/skbuild/cmaker.py", line 742, in make_impl
    raise SKBuildError(msg)
An error occurred while building with CMake.
  Command:
    /usr/local/bin/cmake --build . --target install --config Release --
  Install target:
    install
  Source directory:
    /home/runner/work/piquassoboost/piquassoboost
  Working directory:
    /home/runner/work/piquassoboost/piquassoboost/_skbuild/linux-x86_64-3.13/cmake-build
Please check the install target is valid and see CMake's output for more information.
Error: Process completed with exit code 1.